<?xml version="1.0" encoding="UTF-8"?>
<testsuites name="katGitsuite" time="23.105" tests="2" failures="0" errors="0">
   <testsuite name="katGitsuite" tests="2" failures="0" errors="0" time="23.105" timestamp="2021-10-06 15:13:44" hostname="amahmud - TMXPC237.thinkmax.com" id="Test Suites/katGitsuite">
      <properties>
         <property name="deviceName" value=""/>
         <property name="devicePlatform" value=""/>
         <property name="logFolder" value="C:\\Users\\amahmud\\git\\testKatalonGit\\Reports\\20211006_151342\\katGitsuite\\20211006_151342"/>
         <property name="logFiles" value="C:\\Users\\amahmud\\git\\testKatalonGit\\Reports\\20211006_151342\\katGitsuite\\20211006_151342\\execution0.log"/>
         <property name="attachments" value=""/>
         <property name="hostName" value="amahmud - TMXPC237.thinkmax.com"/>
         <property name="os" value="Windows 10 64bit"/>
         <property name="katalonVersion" value="7.2.1.1"/>
         <property name="browser" value="Firefox 89.0"/>
         <property name="hostAddress" value="192.168.0.28"/>
         <property name="sessionId" value="69837cf5-3fb8-4a1c-9be5-bcb9d0c3d56b"/>
         <property name="seleniumVersion" value="3.141.59"/>
         <property name="proxyInformation" value="ProxyInformation { proxyOption=NO_PROXY, proxyServerType=HTTP, username=, password=********, proxyServerAddress=, proxyServerPort=0, executionList=&quot;&quot;, isApplyToDesiredCapabilities=false }"/>
         <property name="platform" value="Windows 10"/>
      </properties>
      <testcase name="Test Cases/test1" time="9.675" classname="Test Cases/test1" status="PASSED">
         <system-out><![CDATA[2021-10-06 15:13:44 - [TEST_CASE][PASSED] - Test Cases/test1: Test Cases/test1

2021-10-06 15:13:44 - [TEST_STEP][PASSED] - openBrowser(""): Browser is opened with url: ''

2021-10-06 15:13:45 - [MESSAGE][INFO] - Starting 'Firefox' driver

2021-10-06 15:13:45 - [MESSAGE][INFO] - Action delay is set to 0 milliseconds

2021-10-06 15:13:49 - [MESSAGE][PASSED] - Browser is opened with url: ''

2021-10-06 15:13:49 - [TEST_STEP][PASSED] - maximizeWindow(): Current window maximized

2021-10-06 15:13:49 - [MESSAGE][PASSED] - Current window maximized

2021-10-06 15:13:49 - [TEST_STEP][PASSED] - navigateToUrl("https://www.google.ca/"): Navigate to 'https://www.google.ca/' successfully

2021-10-06 15:13:50 - [MESSAGE][PASSED] - Navigate to 'https://www.google.ca/' successfully

2021-10-06 15:13:50 - [TEST_STEP][PASSED] - delay(3): Delayed 3 second(s)

2021-10-06 15:13:53 - [MESSAGE][PASSED] - Delayed 3 second(s)

2021-10-06 15:13:53 - [TEST_STEP][PASSED] - closeBrowser(): Browser is closed

2021-10-06 15:13:54 - [MESSAGE][PASSED] - Browser is closed]]></system-out>
         <system-err><![CDATA[]]></system-err>
      </testcase>
      <testcase name="Test Cases/test2" time="13.167" classname="Test Cases/test2" status="PASSED">
         <system-out><![CDATA[2021-10-06 15:13:54 - [TEST_CASE][PASSED] - Test Cases/test2: Test Cases/test2

2021-10-06 15:13:54 - [TEST_STEP][PASSED] - openBrowser(""): Browser is opened with url: ''

2021-10-06 15:13:54 - [MESSAGE][INFO] - Starting 'Firefox' driver

2021-10-06 15:13:54 - [MESSAGE][INFO] - Action delay is set to 0 milliseconds

2021-10-06 15:13:57 - [MESSAGE][PASSED] - Browser is opened with url: ''

2021-10-06 15:13:57 - [TEST_STEP][PASSED] - maximizeWindow(): Current window maximized

2021-10-06 15:13:57 - [MESSAGE][PASSED] - Current window maximized

2021-10-06 15:13:57 - [TEST_STEP][PASSED] - delay(3): Delayed 3 second(s)

2021-10-06 15:14:00 - [MESSAGE][PASSED] - Delayed 3 second(s)

2021-10-06 15:14:00 - [TEST_STEP][PASSED] - navigateToUrl("https://www.katalon.com/"): Navigate to 'https://www.katalon.com/' successfully

2021-10-06 15:14:03 - [MESSAGE][PASSED] - Navigate to 'https://www.katalon.com/' successfully

2021-10-06 15:14:03 - [TEST_STEP][PASSED] - delay(3): Delayed 3 second(s)

2021-10-06 15:14:06 - [MESSAGE][PASSED] - Delayed 3 second(s)

2021-10-06 15:14:06 - [TEST_STEP][PASSED] - closeBrowser(): Browser is closed

2021-10-06 15:14:07 - [MESSAGE][PASSED] - Browser is closed]]></system-out>
         <system-err><![CDATA[]]></system-err>
      </testcase>
      <system-out><![CDATA[2021-10-06 15:13:44 - [TEST_SUITE][PASSED] - katGitsuite: Test Cases/test2]]></system-out>
      <system-err><![CDATA[]]></system-err>
   </testsuite>
</testsuites>
