<?xml version="1.0" encoding="UTF-8"?>
<testsuites name="katGitsuite" time="18.212" tests="2" failures="0" errors="0">
   <testsuite name="katGitsuite" tests="2" failures="0" errors="0" time="18.212" timestamp="2021-10-13 20:22:24" hostname="amahmud - TMXPC237.thinkmax.com" id="Test Suites/katGitsuite">
      <properties>
         <property name="deviceName" value=""/>
         <property name="devicePlatform" value=""/>
         <property name="logFolder" value="C:\\Users\\amahmud\\git\\testKatalonGit\\Reports\\20211013_202222\\katGitsuite\\20211013_202222"/>
         <property name="logFiles" value="C:\\Users\\amahmud\\git\\testKatalonGit\\Reports\\20211013_202222\\katGitsuite\\20211013_202222\\execution0.log"/>
         <property name="attachments" value=""/>
         <property name="hostName" value="amahmud - TMXPC237.thinkmax.com"/>
         <property name="os" value="Windows 10 64bit"/>
         <property name="katalonVersion" value="7.2.1.1"/>
         <property name="browser" value="Chrome 94.0.4606.81"/>
         <property name="hostAddress" value="192.168.0.34"/>
         <property name="sessionId" value="0f577a961908000be1a196182b729f47"/>
         <property name="seleniumVersion" value="3.141.59"/>
         <property name="proxyInformation" value="ProxyInformation{proxyOption=NO_PROXY, proxyServerType=HTTP, password=, proxyServerAddress=, proxyServerPort=0, executionList=}"/>
         <property name="platform" value="Windows 10"/>
      </properties>
      <testcase name="Test Cases/test1" time="7.051" classname="Test Cases/test1" status="PASSED">
         <system-out><![CDATA[2021-10-13 20:22:24 - [TEST_CASE][PASSED] - Test Cases/test1: Test Cases/test1

2021-10-13 20:22:24 - [TEST_STEP][PASSED] - openBrowser(""): Browser is opened with url: ''

2021-10-13 20:22:25 - [MESSAGE][INFO] - Starting 'Chrome' driver

2021-10-13 20:22:25 - [MESSAGE][INFO] - Action delay is set to 0 seconds

2021-10-13 20:22:27 - [MESSAGE][PASSED] - Browser is opened with url: ''

2021-10-13 20:22:27 - [TEST_STEP][PASSED] - maximizeWindow(): Current window maximized

2021-10-13 20:22:27 - [MESSAGE][PASSED] - Current window maximized

2021-10-13 20:22:27 - [TEST_STEP][PASSED] - navigateToUrl("https://www.google.ca/"): Navigate to 'https://www.google.ca/' successfully

2021-10-13 20:22:27 - [MESSAGE][PASSED] - Navigate to 'https://www.google.ca/' successfully

2021-10-13 20:22:27 - [TEST_STEP][PASSED] - delay(3): Delayed 3 second(s)

2021-10-13 20:22:30 - [MESSAGE][PASSED] - Delayed 3 second(s)

2021-10-13 20:22:30 - [TEST_STEP][PASSED] - closeBrowser(): Browser is closed

2021-10-13 20:22:31 - [MESSAGE][PASSED] - Browser is closed]]></system-out>
         <system-err><![CDATA[]]></system-err>
      </testcase>
      <testcase name="Test Cases/test2" time="10.923" classname="Test Cases/test2" status="PASSED">
         <system-out><![CDATA[2021-10-13 20:22:31 - [TEST_CASE][PASSED] - Test Cases/test2: Test Cases/test2

2021-10-13 20:22:31 - [TEST_STEP][PASSED] - openBrowser(""): Browser is opened with url: ''

2021-10-13 20:22:31 - [MESSAGE][INFO] - Starting 'Chrome' driver

2021-10-13 20:22:32 - [MESSAGE][PASSED] - Browser is opened with url: ''

2021-10-13 20:22:32 - [TEST_STEP][PASSED] - maximizeWindow(): Current window maximized

2021-10-13 20:22:32 - [MESSAGE][PASSED] - Current window maximized

2021-10-13 20:22:32 - [TEST_STEP][PASSED] - delay(3): Delayed 3 second(s)

2021-10-13 20:22:36 - [MESSAGE][PASSED] - Delayed 3 second(s)

2021-10-13 20:22:36 - [TEST_STEP][PASSED] - navigateToUrl("https://www.katalon.com/"): Navigate to 'https://www.katalon.com/' successfully

2021-10-13 20:22:38 - [MESSAGE][PASSED] - Navigate to 'https://www.katalon.com/' successfully

2021-10-13 20:22:38 - [TEST_STEP][PASSED] - delay(3): Delayed 3 second(s)

2021-10-13 20:22:41 - [MESSAGE][PASSED] - Delayed 3 second(s)

2021-10-13 20:22:41 - [TEST_STEP][PASSED] - closeBrowser(): Browser is closed

2021-10-13 20:22:42 - [MESSAGE][PASSED] - Browser is closed]]></system-out>
         <system-err><![CDATA[]]></system-err>
      </testcase>
      <system-out><![CDATA[2021-10-13 20:22:24 - [TEST_SUITE][PASSED] - katGitsuite: Test Cases/test2]]></system-out>
      <system-err><![CDATA[]]></system-err>
   </testsuite>
</testsuites>
