<?xml version="1.0" encoding="UTF-8"?>
<testsuites name="katGitsuite" time="18.744" tests="2" failures="0" errors="0">
   <testsuite name="katGitsuite" tests="2" failures="0" errors="0" time="18.744" timestamp="2021-09-07 10:18:23" hostname="amahmud - TMXPC237.thinkmax.com" id="Test Suites/katGitsuite">
      <properties>
         <property name="deviceName" value=""/>
         <property name="devicePlatform" value=""/>
         <property name="logFolder" value="C:\\Users\\amahmud\\git\\testKatalonGit\\Reports\\20210907_101821\\katGitsuite\\20210907_101821"/>
         <property name="logFiles" value="C:\\Users\\amahmud\\git\\testKatalonGit\\Reports\\20210907_101821\\katGitsuite\\20210907_101821\\execution0.log"/>
         <property name="attachments" value=""/>
         <property name="hostName" value="amahmud - TMXPC237.thinkmax.com"/>
         <property name="os" value="Windows 10 64bit"/>
         <property name="katalonVersion" value="7.2.1.1"/>
         <property name="browser" value="Chrome 92.0.4515.159"/>
         <property name="hostAddress" value="192.168.1.28"/>
         <property name="sessionId" value="7b275754381fdc9d23c20efb99495d1c"/>
         <property name="seleniumVersion" value="3.141.59"/>
         <property name="proxyInformation" value="ProxyInformation{proxyOption=NO_PROXY, proxyServerType=HTTP, password=, proxyServerAddress=, proxyServerPort=0, executionList=}"/>
         <property name="platform" value="Windows 10"/>
      </properties>
      <testcase name="Test Cases/test1" time="7.838" classname="Test Cases/test1" status="PASSED">
         <system-out><![CDATA[2021-09-07 10:18:23 - [TEST_CASE][PASSED] - Test Cases/test1: Test Cases/test1

2021-09-07 10:18:24 - [TEST_STEP][PASSED] - openBrowser(""): Browser is opened with url: ''

2021-09-07 10:18:24 - [MESSAGE][INFO] - Starting 'Chrome' driver

2021-09-07 10:18:24 - [MESSAGE][INFO] - Action delay is set to 0 seconds

2021-09-07 10:18:26 - [MESSAGE][PASSED] - Browser is opened with url: ''

2021-09-07 10:18:26 - [TEST_STEP][PASSED] - maximizeWindow(): Current window maximized

2021-09-07 10:18:26 - [MESSAGE][PASSED] - Current window maximized

2021-09-07 10:18:26 - [TEST_STEP][PASSED] - navigateToUrl("https://www.google.ca/"): Navigate to 'https://www.google.ca/' successfully

2021-09-07 10:18:27 - [MESSAGE][PASSED] - Navigate to 'https://www.google.ca/' successfully

2021-09-07 10:18:27 - [TEST_STEP][PASSED] - delay(3): Delayed 3 second(s)

2021-09-07 10:18:30 - [MESSAGE][PASSED] - Delayed 3 second(s)

2021-09-07 10:18:30 - [TEST_STEP][PASSED] - closeBrowser(): Browser is closed

2021-09-07 10:18:31 - [MESSAGE][PASSED] - Browser is closed]]></system-out>
         <system-err><![CDATA[]]></system-err>
      </testcase>
      <testcase name="Test Cases/test2" time="7.016" classname="Test Cases/test2" status="PASSED">
         <system-out><![CDATA[2021-09-07 10:18:31 - [TEST_CASE][PASSED] - Test Cases/test2: Test Cases/test2

2021-09-07 10:18:31 - [TEST_STEP][PASSED] - openBrowser(""): Browser is opened with url: ''

2021-09-07 10:18:31 - [MESSAGE][INFO] - Starting 'Chrome' driver

2021-09-07 10:18:33 - [MESSAGE][PASSED] - Browser is opened with url: ''

2021-09-07 10:18:33 - [TEST_STEP][PASSED] - maximizeWindow(): Current window maximized

2021-09-07 10:18:33 - [MESSAGE][PASSED] - Current window maximized

2021-09-07 10:18:33 - [TEST_STEP][PASSED] - navigateToUrl("https://www.katalon.com/"): Navigate to 'https://www.katalon.com/' successfully

2021-09-07 10:18:35 - [MESSAGE][PASSED] - Navigate to 'https://www.katalon.com/' successfully

2021-09-07 10:18:35 - [TEST_STEP][PASSED] - delay(3): Delayed 3 second(s)

2021-09-07 10:18:38 - [MESSAGE][PASSED] - Delayed 3 second(s)

2021-09-07 10:18:38 - [TEST_STEP][PASSED] - closeBrowser(): Browser is closed

2021-09-07 10:18:38 - [MESSAGE][PASSED] - Browser is closed]]></system-out>
         <system-err><![CDATA[]]></system-err>
      </testcase>
      <system-out><![CDATA[2021-09-07 10:18:23 - [TEST_SUITE][PASSED] - katGitsuite: Test Cases/test2]]></system-out>
      <system-err><![CDATA[]]></system-err>
   </testsuite>
</testsuites>
