<?xml version="1.0" encoding="UTF-8"?>
<testsuites name="katGitsuite" time="29.997" tests="2" failures="0" errors="0">
   <testsuite name="katGitsuite" tests="2" failures="0" errors="0" time="29.997" skipped="0" timestamp="2021-10-06 15:15:28" hostname="amahmud - TMXPC237.thinkmax.com" id="Test Suites/katGitsuite">
      <properties>
         <property name="deviceName" value=""/>
         <property name="devicePlatform" value=""/>
         <property name="logFolder" value="C:\\Users\\amahmud\\git\\testKatalonGit\\Reports\\20211006_151524\\katGitsuite\\20211006_151525"/>
         <property name="logFiles" value="C:\\Users\\amahmud\\git\\testKatalonGit\\Reports\\20211006_151524\\katGitsuite\\20211006_151525\\execution0.log"/>
         <property name="attachments" value=""/>
         <property name="hostName" value="amahmud - TMXPC237.thinkmax.com"/>
         <property name="os" value="Windows 10 64bit"/>
         <property name="katalonVersion" value="8.1.0.208"/>
         <property name="browser" value="Firefox 89.0"/>
         <property name="hostAddress" value="192.168.0.28"/>
         <property name="sessionId" value="6043a989-e2f5-44be-b413-a3990399bc9d"/>
         <property name="seleniumVersion" value="3.141.59"/>
         <property name="proxyInformation" value="ProxyInformation { proxyOption=NO_PROXY, proxyServerType=HTTP, username=, password=********, proxyServerAddress=, proxyServerPort=0, executionList=&quot;&quot;, isApplyToDesiredCapabilities=true }"/>
         <property name="platform" value="Windows 10"/>
      </properties>
      <testcase name="Test Cases/test1" time="14.234" classname="Test Cases/test1" status="PASSED">
         <system-out><![CDATA[2021-10-06 15:15:28 - [TEST_CASE][PASSED] - Test Cases/test1: Test Cases/test1

2021-10-06 15:15:28 - [TEST_STEP][PASSED] - openBrowser(""): Browser is opened with url: ''

2021-10-06 15:15:29 - [MESSAGE][INFO] - Starting 'Firefox' driver

2021-10-06 15:15:29 - [MESSAGE][INFO] - Action delay is set to 0 milliseconds

2021-10-06 15:15:36 - [MESSAGE][PASSED] - Browser is opened with url: ''

2021-10-06 15:15:36 - [TEST_STEP][PASSED] - maximizeWindow(): Current window maximized

2021-10-06 15:15:37 - [MESSAGE][PASSED] - Current window maximized

2021-10-06 15:15:37 - [TEST_STEP][PASSED] - navigateToUrl("https://www.google.ca/"): Navigate to 'https://www.google.ca/' successfully

2021-10-06 15:15:38 - [MESSAGE][PASSED] - Navigate to 'https://www.google.ca/' successfully

2021-10-06 15:15:38 - [TEST_STEP][PASSED] - delay(3): Delayed 3 second(s)

2021-10-06 15:15:41 - [MESSAGE][PASSED] - Delayed 3 second(s)

2021-10-06 15:15:41 - [TEST_STEP][PASSED] - closeBrowser(): Browser is closed

2021-10-06 15:15:42 - [MESSAGE][PASSED] - Browser is closed]]></system-out>
         <system-err><![CDATA[]]></system-err>
      </testcase>
      <testcase name="Test Cases/test2" time="15.154" classname="Test Cases/test2" status="PASSED">
         <system-out><![CDATA[2021-10-06 15:15:42 - [TEST_CASE][PASSED] - Test Cases/test2: Test Cases/test2

2021-10-06 15:15:42 - [TEST_STEP][PASSED] - openBrowser(""): Browser is opened with url: ''

2021-10-06 15:15:42 - [MESSAGE][INFO] - Starting 'Firefox' driver

2021-10-06 15:15:42 - [MESSAGE][INFO] - Action delay is set to 0 milliseconds

2021-10-06 15:15:47 - [MESSAGE][PASSED] - Browser is opened with url: ''

2021-10-06 15:15:47 - [TEST_STEP][PASSED] - maximizeWindow(): Current window maximized

2021-10-06 15:15:47 - [MESSAGE][PASSED] - Current window maximized

2021-10-06 15:15:47 - [TEST_STEP][PASSED] - delay(3): Delayed 3 second(s)

2021-10-06 15:15:50 - [MESSAGE][PASSED] - Delayed 3 second(s)

2021-10-06 15:15:50 - [TEST_STEP][PASSED] - navigateToUrl("https://www.katalon.com/"): Navigate to 'https://www.katalon.com/' successfully

2021-10-06 15:15:53 - [MESSAGE][PASSED] - Navigate to 'https://www.katalon.com/' successfully

2021-10-06 15:15:53 - [TEST_STEP][PASSED] - delay(3): Delayed 3 second(s)

2021-10-06 15:15:56 - [MESSAGE][PASSED] - Delayed 3 second(s)

2021-10-06 15:15:56 - [TEST_STEP][PASSED] - closeBrowser(): Browser is closed

2021-10-06 15:15:57 - [MESSAGE][PASSED] - Browser is closed]]></system-out>
         <system-err><![CDATA[]]></system-err>
      </testcase>
      <system-out><![CDATA[2021-10-06 15:15:28 - [TEST_SUITE][PASSED] - katGitsuite: Test Cases/test2]]></system-out>
      <system-err><![CDATA[]]></system-err>
   </testsuite>
</testsuites>
